[2016-10-29 23:32:06 INFO  DaoLogginAspect:41] - BEFORE EXECUTION METHOD insertRecord.
		Signature: Person com.epam.mentorship.dao.PersonDao.insertRecord(Person)
		Params: 
			 Class: class com.epam.mentorship.entity.Person, toString: 
Person{id=null, firstName='Ivan', lastName='Fedorov', email='Ivan_Fedorov@epam.com', birthDate=1994-05-11, managerFullName=Oleksandr Lipsky, professionalLevel=level_1, primarySkill=Groovy}
[2016-10-29 23:32:06 INFO  DaoLogginAspect:41] - BEFORE EXECUTION METHOD insertRecord.
		Signature: Person com.epam.mentorship.dao.PersonDao.insertRecord(Person)
		Params: 
			 Class: class com.epam.mentorship.entity.Person, toString: 
Person{id=null, firstName='Petr', lastName='Krivonos', email='Petr_Krivonos@epam.com', birthDate=1992-06-03, managerFullName=Yuriy Oglobyak, professionalLevel=level_2, primarySkill=Java}
[2016-10-29 23:32:06 INFO  DaoLogginAspect:41] - BEFORE EXECUTION METHOD insertRecord.
		Signature: Person com.epam.mentorship.dao.PersonDao.insertRecord(Person)
		Params: 
			 Class: class com.epam.mentorship.entity.Person, toString: 
Person{id=null, firstName='Andriy', lastName='Kerchisin', email='Andriy_Rerchisin@epam.com', birthDate=1990-08-22, managerFullName=Michil Fedorov, professionalLevel=level_4, primarySkill=JavaScript}
[2016-10-29 23:32:06 INFO  DaoLogginAspect:41] - BEFORE EXECUTION METHOD insertRecord.
		Signature: MentorshipProgram com.epam.mentorship.dao.MentorshipProgramDao.insertRecord(MentorshipProgram)
		Params: 
			 Class: class com.epam.mentorship.entity.MentorshipProgram, toString: 
MentorshipProgram{id=null, name='Lviv MP', location=Lviv, Oleny Stepanivny, 45a, startDate=2016-09-01, endDate=2016-11-01}
[2016-10-29 23:32:06 INFO  DaoLogginAspect:41] - BEFORE EXECUTION METHOD insertRecord.
		Signature: MentorshipProgram com.epam.mentorship.dao.MentorshipProgramDao.insertRecord(MentorshipProgram)
		Params: 
			 Class: class com.epam.mentorship.entity.MentorshipProgram, toString: 
MentorshipProgram{id=null, name='Dnipro MP', location=Dnipro Adress, startDate=2016-09-01, endDate=2016-11-01}
[2016-10-29 23:32:06 INFO  DaoLogginAspect:41] - BEFORE EXECUTION METHOD insertRecord.
		Signature: MentorshipProgram com.epam.mentorship.dao.MentorshipProgramDao.insertRecord(MentorshipProgram)
		Params: 
			 Class: class com.epam.mentorship.entity.MentorshipProgram, toString: 
MentorshipProgram{id=null, name='Kyev MP (Office 1)', location=Kyev, First Office Adress, startDate=2016-10-05, endDate=2016-12-10}
[2016-10-29 23:32:06 INFO  DaoLogginAspect:41] - BEFORE EXECUTION METHOD insertRecord.
		Signature: MentorshipProgram com.epam.mentorship.dao.MentorshipProgramDao.insertRecord(MentorshipProgram)
		Params: 
			 Class: class com.epam.mentorship.entity.MentorshipProgram, toString: 
MentorshipProgram{id=null, name='Kyev MP (Office 2)', location=Kyev, Second Office Adress, startDate=2016-10-20, endDate=2016-12-31}
